<?xml version="1.0" encoding="UTF-8"?>
<!-- Generated by org.testng.reporters.JUnitXMLReporter -->
<testsuite hostname="BNGTSI52001317" ignored="0" name="Test" tests="6" failures="1" timestamp="13 Sep 2018 10:17:16 GMT" time="120.923" errors="0">
  <testcase name="InvalidLoginTest" time="6.408" classname="com.moneyroom.test.regression.LoginVerification"/>
  <testcase name="InvalidUsernamePasswordLogin" time="6.791" classname="com.moneyroom.test.regression.LoginVerification"/>
  <testcase name="Login_Logout_Verification" time="8.541" classname="com.moneyroom.test.regression.LoginVerification"/>
  <testcase name="IssueManagerSupervisorFundTest" time="36.276" classname="com.moneyroom.test.regression.IssueManagerSupervisorFundVerification"/>
  <testcase name="IssueCollectorTourFundTest" time="15.789" classname="com.moneyroom.test.regression.IssueCollectorTourFundVerification">
    <failure type="org.openqa.selenium.UnhandledAlertException" message="Modal dialog present with text: Cannot issue to Emp Id:11830 without returning balance fund!!: Cannot issue to Emp Id:11830 without returning balance fund!!
Build info: version: &amp;apos;3.14.0&amp;apos;, revision: &amp;apos;aacccce0&amp;apos;, time: &amp;apos;2018-08-02T20:19:58.91Z&amp;apos;
System info: host: &amp;apos;BNGTSI52001317&amp;apos;, ip: &amp;apos;10.237.179.91&amp;apos;, os.name: &amp;apos;Windows 7&amp;apos;, os.arch: &amp;apos;amd64&amp;apos;, os.version: &amp;apos;6.1&amp;apos;, java.version: &amp;apos;1.8.0_151&amp;apos;
Driver info: org.openqa.selenium.ie.InternetExplorerDriver
Capabilities {acceptInsecureCerts: false, browserName: internet explorer, browserVersion: 9, javascriptEnabled: true, pageLoadStrategy: normal, platform: WINDOWS, platformName: WINDOWS, proxy: Proxy(), se:ieOptions: {browserAttachTimeout: 0, elementScrollBehavior: 0, enablePersistentHover: true, ie.browserCommandLineSwitches: , ie.ensureCleanSession: false, ie.fileUploadDialogTimeout: 3000, ie.forceCreateProcessApi: false, ignoreProtectedModeSettings: false, ignoreZoomSetting: false, initialBrowserUrl: http://localhost:12346/, nativeEvents: true, requireWindowFocus: false}, setWindowRect: true, timeouts: {implicit: 0, pageLoad: 300000, script: 30000}}
Session ID: 152eeb2f-a53e-446e-91c2-159f1be2e188
*** Element info: {Using=name, value=btnContinue}">
      <![CDATA[org.openqa.selenium.UnhandledAlertException: Modal dialog present with text: Cannot issue to Emp Id:11830 without returning balance fund!!: Cannot issue to Emp Id:11830 without returning balance fund!!
Build info: version: '3.14.0', revision: 'aacccce0', time: '2018-08-02T20:19:58.91Z'
System info: host: 'BNGTSI52001317', ip: '10.237.179.91', os.name: 'Windows 7', os.arch: 'amd64', os.version: '6.1', java.version: '1.8.0_151'
Driver info: org.openqa.selenium.ie.InternetExplorerDriver
Capabilities {acceptInsecureCerts: false, browserName: internet explorer, browserVersion: 9, javascriptEnabled: true, pageLoadStrategy: normal, platform: WINDOWS, platformName: WINDOWS, proxy: Proxy(), se:ieOptions: {browserAttachTimeout: 0, elementScrollBehavior: 0, enablePersistentHover: true, ie.browserCommandLineSwitches: , ie.ensureCleanSession: false, ie.fileUploadDialogTimeout: 3000, ie.forceCreateProcessApi: false, ignoreProtectedModeSettings: false, ignoreZoomSetting: false, initialBrowserUrl: http://localhost:12346/, nativeEvents: true, requireWindowFocus: false}, setWindowRect: true, timeouts: {implicit: 0, pageLoad: 300000, script: 30000}}
Session ID: 152eeb2f-a53e-446e-91c2-159f1be2e188
*** Element info: {Using=name, value=btnContinue}
at org.openqa.selenium.remote.http.W3CHttpResponseCodec.decode(W3CHttpResponseCodec.java:120)
at org.openqa.selenium.remote.http.W3CHttpResponseCodec.decode(W3CHttpResponseCodec.java:49)
at org.openqa.selenium.remote.HttpCommandExecutor.execute(HttpCommandExecutor.java:158)
at org.openqa.selenium.remote.service.DriverCommandExecutor.execute(DriverCommandExecutor.java:83)
at org.openqa.selenium.remote.RemoteWebDriver.execute(RemoteWebDriver.java:548)
at org.openqa.selenium.remote.RemoteWebDriver.findElement(RemoteWebDriver.java:322)
at org.openqa.selenium.remote.RemoteWebDriver.findElementByName(RemoteWebDriver.java:400)
at org.openqa.selenium.By$ByName.findElement(By.java:284)
at org.openqa.selenium.remote.RemoteWebDriver.findElement(RemoteWebDriver.java:314)
at com.moneyroom.object.ui.IssueCollectorTourFund.getContinueButton(IssueCollectorTourFund.java:66)
at com.moneyroom.test.regression.IssueCollectorTourFundVerification.IssueCollectorTourFundTest(IssueCollectorTourFundVerification.java:65)
... Removed 25 stack frames]]>
    </failure>
  </testcase> <!-- IssueCollectorTourFundTest -->
  <testcase name="ReturnCollectorTourFundTest" time="19.638" classname="com.moneyroom.test.regression.ReturnCollectorTourFundVerification"/>
</testsuite> <!-- Test -->
