<?xml version="1.0" encoding="UTF-8"?>
<!-- Generated by org.testng.reporters.JUnitXMLReporter -->
<testsuite hostname="BNGTSI52001317" name="Test" tests="6" failures="0" timestamp="17 Sep 2018 09:12:21 GMT" time="250.545" errors="0">
  <testcase name="InvalidLoginTest" time="5.145" classname="com.moneyroom.test.regression.LoginVerification"/>
  <testcase name="InvalidUsernamePasswordLogin" time="7.606" classname="com.moneyroom.test.regression.LoginVerification"/>
  <testcase name="Login_Logout_Verification" time="8.036" classname="com.moneyroom.test.regression.LoginVerification"/>
  <testcase name="IssueCollectorTourFundTest" time="30.375" classname="com.moneyroom.test.regression.IssueCollectorTourFundVerification"/>
  <testcase name="IssueManagerSupervisorFundTest" time="82.372" classname="com.moneyroom.test.regression.IssueManagerSupervisorFundVerification"/>
  <testcase name="ReturnCollectorTourFundTest" time="38.652" classname="com.moneyroom.test.regression.ReturnCollectorTourFundVerification"/>
</testsuite> <!-- Test -->
