<?xml version="1.0" encoding="UTF-8"?>
<testsuite name="TestSuite" time="172.182" tests="6" errors="0" skipped="0" failures="0">
  <properties>
[...]
</properties>
  <testcase name="InvalidLoginTest" classname="com.moneyroom.test.regression.LoginVerification" time="5.148"/>
  <testcase name="InvalidUsernamePasswordLogin" classname="com.moneyroom.test.regression.LoginVerification" time="7.606"/>
  <testcase name="Login_Logout_Verification" classname="com.moneyroom.test.regression.LoginVerification" time="8.034"/>
  <testcase name="IssueCollectorTourFundTest" classname="com.moneyroom.test.regression.IssueCollectorTourFundVerification" time="30.37"/>
  <testcase name="IssueManagerSupervisorFundTest" classname="com.moneyroom.test.regression.IssueManagerSupervisorFundVerification" time="82.372"/>
  <testcase name="ReturnCollectorTourFundTest" classname="com.moneyroom.test.regression.ReturnCollectorTourFundVerification" time="38.652"/>
</testsuite>