<?xml version="1.0" encoding="UTF-8"?>
<testng-results skipped="0" failed="1" ignored="0" total="6" passed="5">
  <reporter-output>
  </reporter-output>
  <suite name="Suite" duration-ms="120923" started-at="2018-09-13T10:15:16Z" finished-at="2018-09-13T10:17:16Z">
    <groups>
    </groups>
    <test name="Test" duration-ms="120923" started-at="2018-09-13T10:15:16Z" finished-at="2018-09-13T10:17:16Z">
      <class name="com.moneyroom.test.regression.ReturnCollectorTourFundVerification">
        <test-method status="PASS" signature="preCondition()[pri:0, instance:com.moneyroom.test.regression.ReturnCollectorTourFundVerification@13deb50e]" name="preCondition" is-config="true" duration-ms="4469" started-at="2018-09-13T10:16:52Z" finished-at="2018-09-13T10:16:57Z">
          <reporter-output>
          </reporter-output>
        </test-method> <!-- preCondition -->
        <test-method status="PASS" signature="ReturnCollectorTourFundTest()[pri:6, instance:com.moneyroom.test.regression.ReturnCollectorTourFundVerification@13deb50e]" name="ReturnCollectorTourFundTest" duration-ms="19638" started-at="2018-09-13T10:16:57Z" finished-at="2018-09-13T10:17:16Z">
          <reporter-output>
          </reporter-output>
        </test-method> <!-- ReturnCollectorTourFundTest -->
        <test-method status="PASS" signature="postCondition()[pri:0, instance:com.moneyroom.test.regression.ReturnCollectorTourFundVerification@13deb50e]" name="postCondition" is-config="true" duration-ms="12" started-at="2018-09-13T10:17:16Z" finished-at="2018-09-13T10:17:16Z">
          <reporter-output>
          </reporter-output>
        </test-method> <!-- postCondition -->
      </class> <!-- com.moneyroom.test.regression.ReturnCollectorTourFundVerification -->
      <class name="com.moneyroom.test.regression.IssueManagerSupervisorFundVerification">
        <test-method status="PASS" signature="preCondition()[pri:0, instance:com.moneyroom.test.regression.IssueManagerSupervisorFundVerification@f6c48ac]" name="preCondition" is-config="true" duration-ms="3889" started-at="2018-09-13T10:15:53Z" finished-at="2018-09-13T10:15:56Z">
          <reporter-output>
          </reporter-output>
        </test-method> <!-- preCondition -->
        <test-method status="PASS" signature="IssueManagerSupervisorFundTest()[pri:4, instance:com.moneyroom.test.regression.IssueManagerSupervisorFundVerification@f6c48ac]" name="IssueManagerSupervisorFundTest" duration-ms="36276" started-at="2018-09-13T10:15:56Z" finished-at="2018-09-13T10:16:33Z">
          <reporter-output>
          </reporter-output>
        </test-method> <!-- IssueManagerSupervisorFundTest -->
        <test-method status="PASS" signature="postCondition()[pri:0, instance:com.moneyroom.test.regression.IssueManagerSupervisorFundVerification@f6c48ac]" name="postCondition" is-config="true" duration-ms="13" started-at="2018-09-13T10:16:33Z" finished-at="2018-09-13T10:16:33Z">
          <reporter-output>
          </reporter-output>
        </test-method> <!-- postCondition -->
      </class> <!-- com.moneyroom.test.regression.IssueManagerSupervisorFundVerification -->
      <class name="com.moneyroom.test.regression.LoginVerification">
        <test-method status="PASS" signature="preConditions()[pri:0, instance:com.moneyroom.test.regression.LoginVerification@6eebc39e]" name="preConditions" is-config="true" duration-ms="6426" started-at="2018-09-13T10:15:16Z" finished-at="2018-09-13T10:15:22Z">
          <reporter-output>
          </reporter-output>
        </test-method> <!-- preConditions -->
        <test-method status="PASS" signature="InvalidLoginTest()[pri:0, instance:com.moneyroom.test.regression.LoginVerification@6eebc39e]" name="InvalidLoginTest" duration-ms="6408" started-at="2018-09-13T10:15:22Z" finished-at="2018-09-13T10:15:28Z">
          <reporter-output>
          </reporter-output>
        </test-method> <!-- InvalidLoginTest -->
        <test-method status="PASS" signature="postConditions()[pri:0, instance:com.moneyroom.test.regression.LoginVerification@6eebc39e]" name="postConditions" is-config="true" duration-ms="16" started-at="2018-09-13T10:15:28Z" finished-at="2018-09-13T10:15:28Z">
          <reporter-output>
          </reporter-output>
        </test-method> <!-- postConditions -->
        <test-method status="PASS" signature="preConditions()[pri:0, instance:com.moneyroom.test.regression.LoginVerification@6eebc39e]" name="preConditions" is-config="true" duration-ms="4756" started-at="2018-09-13T10:15:28Z" finished-at="2018-09-13T10:15:33Z">
          <reporter-output>
          </reporter-output>
        </test-method> <!-- preConditions -->
        <test-method status="PASS" signature="InvalidUsernamePasswordLogin()[pri:1, instance:com.moneyroom.test.regression.LoginVerification@6eebc39e]" name="InvalidUsernamePasswordLogin" duration-ms="6791" started-at="2018-09-13T10:15:33Z" finished-at="2018-09-13T10:15:40Z">
          <reporter-output>
          </reporter-output>
        </test-method> <!-- InvalidUsernamePasswordLogin -->
        <test-method status="PASS" signature="postConditions()[pri:0, instance:com.moneyroom.test.regression.LoginVerification@6eebc39e]" name="postConditions" is-config="true" duration-ms="17" started-at="2018-09-13T10:15:40Z" finished-at="2018-09-13T10:15:40Z">
          <reporter-output>
          </reporter-output>
        </test-method> <!-- postConditions -->
        <test-method status="PASS" signature="preConditions()[pri:0, instance:com.moneyroom.test.regression.LoginVerification@6eebc39e]" name="preConditions" is-config="true" duration-ms="3956" started-at="2018-09-13T10:15:40Z" finished-at="2018-09-13T10:15:44Z">
          <reporter-output>
          </reporter-output>
        </test-method> <!-- preConditions -->
        <test-method status="PASS" signature="Login_Logout_Verification()[pri:2, instance:com.moneyroom.test.regression.LoginVerification@6eebc39e]" name="Login_Logout_Verification" duration-ms="8541" started-at="2018-09-13T10:15:44Z" finished-at="2018-09-13T10:15:52Z">
          <reporter-output>
          </reporter-output>
        </test-method> <!-- Login_Logout_Verification -->
        <test-method status="PASS" signature="postConditions()[pri:0, instance:com.moneyroom.test.regression.LoginVerification@6eebc39e]" name="postConditions" is-config="true" duration-ms="16" started-at="2018-09-13T10:15:52Z" finished-at="2018-09-13T10:15:53Z">
          <reporter-output>
          </reporter-output>
        </test-method> <!-- postConditions -->
      </class> <!-- com.moneyroom.test.regression.LoginVerification -->
      <class name="com.moneyroom.test.regression.IssueCollectorTourFundVerification">
        <test-method status="PASS" signature="preConditions()[pri:0, instance:com.moneyroom.test.regression.IssueCollectorTourFundVerification@464bee09]" name="preConditions" is-config="true" duration-ms="3854" started-at="2018-09-13T10:16:33Z" finished-at="2018-09-13T10:16:37Z">
          <reporter-output>
          </reporter-output>
        </test-method> <!-- preConditions -->
        <test-method status="FAIL" signature="IssueCollectorTourFundTest()[pri:5, instance:com.moneyroom.test.regression.IssueCollectorTourFundVerification@464bee09]" name="IssueCollectorTourFundTest" duration-ms="15789" started-at="2018-09-13T10:16:37Z" finished-at="2018-09-13T10:16:52Z">
          <exception class="org.openqa.selenium.UnhandledAlertException">
            <message>
              <![CDATA[Modal dialog present with text: Cannot issue to Emp Id:11830 without returning balance fund!!: Cannot issue to Emp Id:11830 without returning balance fund!!
Build info: version: '3.14.0', revision: 'aacccce0', time: '2018-08-02T20:19:58.91Z'
System info: host: 'BNGTSI52001317', ip: '10.237.179.91', os.name: 'Windows 7', os.arch: 'amd64', os.version: '6.1', java.version: '1.8.0_151'
Driver info: org.openqa.selenium.ie.InternetExplorerDriver
Capabilities {acceptInsecureCerts: false, browserName: internet explorer, browserVersion: 9, javascriptEnabled: true, pageLoadStrategy: normal, platform: WINDOWS, platformName: WINDOWS, proxy: Proxy(), se:ieOptions: {browserAttachTimeout: 0, elementScrollBehavior: 0, enablePersistentHover: true, ie.browserCommandLineSwitches: , ie.ensureCleanSession: false, ie.fileUploadDialogTimeout: 3000, ie.forceCreateProcessApi: false, ignoreProtectedModeSettings: false, ignoreZoomSetting: false, initialBrowserUrl: http://localhost:12346/, nativeEvents: true, requireWindowFocus: false}, setWindowRect: true, timeouts: {implicit: 0, pageLoad: 300000, script: 30000}}
Session ID: 152eeb2f-a53e-446e-91c2-159f1be2e188
*** Element info: {Using=name, value=btnContinue}]]>
            </message>
            <full-stacktrace>
              <![CDATA[org.openqa.selenium.UnhandledAlertException: Modal dialog present with text: Cannot issue to Emp Id:11830 without returning balance fund!!: Cannot issue to Emp Id:11830 without returning balance fund!!
Build info: version: '3.14.0', revision: 'aacccce0', time: '2018-08-02T20:19:58.91Z'
System info: host: 'BNGTSI52001317', ip: '10.237.179.91', os.name: 'Windows 7', os.arch: 'amd64', os.version: '6.1', java.version: '1.8.0_151'
Driver info: org.openqa.selenium.ie.InternetExplorerDriver
Capabilities {acceptInsecureCerts: false, browserName: internet explorer, browserVersion: 9, javascriptEnabled: true, pageLoadStrategy: normal, platform: WINDOWS, platformName: WINDOWS, proxy: Proxy(), se:ieOptions: {browserAttachTimeout: 0, elementScrollBehavior: 0, enablePersistentHover: true, ie.browserCommandLineSwitches: , ie.ensureCleanSession: false, ie.fileUploadDialogTimeout: 3000, ie.forceCreateProcessApi: false, ignoreProtectedModeSettings: false, ignoreZoomSetting: false, initialBrowserUrl: http://localhost:12346/, nativeEvents: true, requireWindowFocus: false}, setWindowRect: true, timeouts: {implicit: 0, pageLoad: 300000, script: 30000}}
Session ID: 152eeb2f-a53e-446e-91c2-159f1be2e188
*** Element info: {Using=name, value=btnContinue}
at org.openqa.selenium.remote.http.W3CHttpResponseCodec.decode(W3CHttpResponseCodec.java:120)
at org.openqa.selenium.remote.http.W3CHttpResponseCodec.decode(W3CHttpResponseCodec.java:49)
at org.openqa.selenium.remote.HttpCommandExecutor.execute(HttpCommandExecutor.java:158)
at org.openqa.selenium.remote.service.DriverCommandExecutor.execute(DriverCommandExecutor.java:83)
at org.openqa.selenium.remote.RemoteWebDriver.execute(RemoteWebDriver.java:548)
at org.openqa.selenium.remote.RemoteWebDriver.findElement(RemoteWebDriver.java:322)
at org.openqa.selenium.remote.RemoteWebDriver.findElementByName(RemoteWebDriver.java:400)
at org.openqa.selenium.By$ByName.findElement(By.java:284)
at org.openqa.selenium.remote.RemoteWebDriver.findElement(RemoteWebDriver.java:314)
at com.moneyroom.object.ui.IssueCollectorTourFund.getContinueButton(IssueCollectorTourFund.java:66)
at com.moneyroom.test.regression.IssueCollectorTourFundVerification.IssueCollectorTourFundTest(IssueCollectorTourFundVerification.java:65)
at sun.reflect.NativeMethodAccessorImpl.invoke0(Native Method)
at sun.reflect.NativeMethodAccessorImpl.invoke(Unknown Source)
at sun.reflect.DelegatingMethodAccessorImpl.invoke(Unknown Source)
at java.lang.reflect.Method.invoke(Unknown Source)
at org.testng.internal.MethodInvocationHelper.invokeMethod(MethodInvocationHelper.java:124)
at org.testng.internal.Invoker.invokeMethod(Invoker.java:583)
at org.testng.internal.Invoker.invokeTestMethod(Invoker.java:719)
at org.testng.internal.Invoker.invokeTestMethods(Invoker.java:989)
at org.testng.internal.TestMethodWorker.invokeTestMethods(TestMethodWorker.java:125)
at org.testng.internal.TestMethodWorker.run(TestMethodWorker.java:109)
at org.testng.TestRunner.privateRun(TestRunner.java:648)
at org.testng.TestRunner.run(TestRunner.java:505)
at org.testng.SuiteRunner.runTest(SuiteRunner.java:455)
at org.testng.SuiteRunner.runSequentially(SuiteRunner.java:450)
at org.testng.SuiteRunner.privateRun(SuiteRunner.java:415)
at org.testng.SuiteRunner.run(SuiteRunner.java:364)
at org.testng.SuiteRunnerWorker.runSuite(SuiteRunnerWorker.java:52)
at org.testng.SuiteRunnerWorker.run(SuiteRunnerWorker.java:84)
at org.testng.TestNG.runSuitesSequentially(TestNG.java:1208)
at org.testng.TestNG.runSuitesLocally(TestNG.java:1137)
at org.testng.TestNG.runSuites(TestNG.java:1049)
at org.testng.TestNG.run(TestNG.java:1017)
at org.testng.remote.AbstractRemoteTestNG.run(AbstractRemoteTestNG.java:114)
at org.testng.remote.RemoteTestNG.initAndRun(RemoteTestNG.java:251)
at org.testng.remote.RemoteTestNG.main(RemoteTestNG.java:77)
]]>
            </full-stacktrace>
          </exception> <!-- org.openqa.selenium.UnhandledAlertException -->
          <reporter-output>
          </reporter-output>
        </test-method> <!-- IssueCollectorTourFundTest -->
        <test-method status="PASS" signature="postCondition()[pri:0, instance:com.moneyroom.test.regression.IssueCollectorTourFundVerification@464bee09]" name="postCondition" is-config="true" duration-ms="17" started-at="2018-09-13T10:16:52Z" finished-at="2018-09-13T10:16:52Z">
          <reporter-output>
          </reporter-output>
        </test-method> <!-- postCondition -->
      </class> <!-- com.moneyroom.test.regression.IssueCollectorTourFundVerification -->
    </test> <!-- Test -->
  </suite> <!-- Suite -->
</testng-results>
